<?xml version="1.0" encoding="UTF-8"?>
<!-- Generated by org.testng.reporters.JUnitReportReporter -->
<testsuite hostname="lenovo" failures="0" tests="1" name="Guru99TakeScreenshot" time="30.977" errors="0" timestamp="2022-10-26T11:43:00 IST" skipped="0">
  <testcase classname="Guru99TakeScreenshot" name="testGuru99TakeScreenShot" time="30.977"/>
  <system-out/>
</testsuite> <!-- Guru99TakeScreenshot -->
